[2019-10-31T17:18:44.928] [INFO] default - rssh server started...
[2019-10-31T17:19:03.084] [INFO] default - rssh server started...
[2019-10-31T17:19:08.764] [DEBUG] default - got ws request id = sn1000 sshPort = 22 user=scrtest
[2019-10-31T17:19:25.681] [DEBUG] default - got ws request id = sn1000 sshPort = 22 user=scrtest
[2019-10-31T17:21:05.473] [INFO] default - rssh server started...
[2019-10-31T17:21:19.905] [DEBUG] default - got ws request id = sn1000 sshPort = 22 user=scrtest
[2019-10-31T17:23:13.657] [INFO] default - rssh server started...
[2019-10-31T17:23:17.532] [DEBUG] default - got ws request id = sn1000 sshPort = 22 user=scrtest
[2019-10-31T17:23:17.534] [INFO] default - calling api ....on: http://localhost:8200/v1/secret/data/
[2019-10-31T17:23:17.564] [INFO] default - writing key file ..: sn1000_scrtest_key.txt
[2019-10-31T17:23:17.565] [DEBUG] default - fname= sn1000_scrtest_key.txt
[2019-10-31T17:23:17.565] [INFO] default - spawning: /usr/bin/ssh -i sn1000_scrtest_key.txt -p 22 scrtest@localhost
[2019-11-23T10:02:06.289] [INFO] default - rssh server started...
[2019-11-23T10:02:31.470] [DEBUG] default - got ws request id = sn1000 sshPort = 22 user=scrtest
[2019-11-23T10:02:31.470] [INFO] default - calling api ....on: http://localhost:8200/v1/secret/data/
[2019-11-23T10:02:31.500] [INFO] default - writing key file ..: sn1000_scrtest_key.txt
[2019-11-23T10:02:31.501] [DEBUG] default - fname= sn1000_scrtest_key.txt
[2019-11-23T10:02:31.501] [INFO] default - spawning: /usr/bin/ssh -i sn1000_scrtest_key.txt -p 22 scrtest@localhost
[2019-11-23T10:04:36.985] [DEBUG] default - got ws request id = sn1000 sshPort = 22 user=scrtest
[2019-11-23T10:04:36.985] [INFO] default - calling api ....on: http://localhost:8200/v1/secret/data/
[2019-11-23T10:04:36.990] [INFO] default - writing key file ..: sn1000_scrtest_key.txt
[2019-11-23T10:04:36.991] [DEBUG] default - fname= sn1000_scrtest_key.txt
[2019-11-23T10:04:36.991] [INFO] default - spawning: /usr/bin/ssh -i sn1000_scrtest_key.txt -p 22 scrtest@localhost
[2019-11-25T10:49:51.103] [DEBUG] default - got ws request id = sn1000 sshPort = 22 user=scrtest
[2019-11-25T10:49:51.103] [INFO] default - calling api ....on: http://localhost:8200/v1/secret/data/
[2019-11-25T10:49:51.122] [INFO] default - writing key file ..: sn1000_scrtest_key.txt
[2019-11-25T10:49:51.122] [DEBUG] default - fname= sn1000_scrtest_key.txt
[2019-11-25T10:49:51.122] [INFO] default - spawning: /usr/bin/ssh -i sn1000_scrtest_key.txt -p 22 scrtest@localhost
[2019-11-25T10:53:58.115] [DEBUG] default - got ws request id = sn1000 sshPort = 22 user=scrtest
[2019-11-25T10:53:58.115] [INFO] default - calling api ....on: http://localhost:8200/v1/secret/data/
[2019-11-25T10:53:58.120] [INFO] default - writing key file ..: sn1000_scrtest_key.txt
[2019-11-25T10:53:58.120] [DEBUG] default - fname= sn1000_scrtest_key.txt
[2019-11-25T10:53:58.121] [INFO] default - spawning: /usr/bin/ssh -i sn1000_scrtest_key.txt -p 22 scrtest@localhost
[2019-11-25T11:03:33.172] [INFO] default - rssh server started...
[2019-11-25T11:05:42.574] [DEBUG] default - got ws request id = sn1000 sshPort = 22 user=scrtest
[2019-11-25T11:05:42.575] [INFO] default - calling api ....on: http://localhost:8200/v1/secret/data/
[2019-11-25T11:05:42.602] [INFO] default - writing key file ..: sn1000_scrtest_key.txt
[2019-11-25T11:05:42.603] [DEBUG] default - fname= sn1000_scrtest_key.txt
[2019-11-25T11:05:42.603] [INFO] default - spawning: /usr/bin/ssh -i sn1000_scrtest_key.txt -p 22 scrtest@localhost
[2019-11-25T11:06:03.505] [INFO] default - socker closed...
[2019-11-25T11:29:05.170] [DEBUG] default - got ws request id = sn1000 sshPort = 22 user=scrtest
[2019-11-25T11:29:05.171] [INFO] default - calling api ....on: http://localhost:8200/v1/secret/data/
[2019-11-25T11:29:05.188] [INFO] default - writing key file ..: sn1000_scrtest_key.txt
[2019-11-25T11:29:05.188] [DEBUG] default - fname= sn1000_scrtest_key.txt
[2019-11-25T11:29:05.189] [INFO] default - spawning: /usr/bin/ssh -i sn1000_scrtest_key.txt -p 22 scrtest@localhost
[2019-11-25T20:03:37.174] [DEBUG] default - got ws request id = sn1000 sshPort = 22 user=scrtest
[2019-11-25T20:03:37.174] [INFO] default - calling api ....on: http://localhost:8200/v1/secret/data/
[2019-11-25T20:03:37.182] [INFO] default - writing key file ..: sn1000_scrtest_key.txt
[2019-11-25T20:03:37.183] [DEBUG] default - fname= sn1000_scrtest_key.txt
[2019-11-25T20:03:37.183] [INFO] default - spawning: /usr/bin/ssh -i sn1000_scrtest_key.txt -p 22 scrtest@localhost
[2019-11-25T20:03:46.833] [INFO] default - socker closed...
[2019-11-25T20:03:47.295] [DEBUG] default - got ws request id = sn1000 sshPort = 22 user=scrtest
[2019-11-25T20:03:47.295] [INFO] default - calling api ....on: http://localhost:8200/v1/secret/data/
[2019-11-25T20:03:47.299] [INFO] default - writing key file ..: sn1000_scrtest_key.txt
[2019-11-25T20:03:47.300] [DEBUG] default - fname= sn1000_scrtest_key.txt
[2019-11-25T20:03:47.300] [INFO] default - spawning: /usr/bin/ssh -i sn1000_scrtest_key.txt -p 22 scrtest@localhost
[2019-11-25T20:04:20.173] [INFO] default - socker closed...
[2019-11-25T21:48:51.589] [INFO] default - socker closed...
[2019-11-26T09:59:33.773] [DEBUG] default - got ws request id = sn1000 sshPort = 22 user=scrtest
[2019-11-26T09:59:33.773] [INFO] default - calling api ....on: http://localhost:8200/v1/secret/data/
[2019-11-26T09:59:33.777] [INFO] default - writing key file ..: sn1000_scrtest_key.txt
[2019-11-26T09:59:33.777] [DEBUG] default - fname= sn1000_scrtest_key.txt
[2019-11-26T09:59:33.777] [INFO] default - spawning: /usr/bin/ssh -i sn1000_scrtest_key.txt -p 22 scrtest@localhost
[2019-11-26T09:59:50.865] [DEBUG] default - got ws request id = sn1000 sshPort = 22 user=scrtest
[2019-11-26T09:59:50.866] [INFO] default - calling api ....on: http://localhost:8200/v1/secret/data/
[2019-11-26T09:59:50.870] [INFO] default - writing key file ..: sn1000_scrtest_key.txt
[2019-11-26T09:59:50.870] [DEBUG] default - fname= sn1000_scrtest_key.txt
[2019-11-26T09:59:50.871] [INFO] default - spawning: /usr/bin/ssh -i sn1000_scrtest_key.txt -p 22 scrtest@localhost
[2019-11-26T10:00:37.664] [INFO] default - socker closed...
[2019-11-26T18:14:09.234] [INFO] default - socker closed...
[2019-11-27T09:50:25.450] [INFO] default - rssh server started...
[2019-11-27T09:50:36.290] [DEBUG] default - got ws request id = sn1000 sshPort = 22 user=scrtest
[2019-11-27T09:50:36.290] [INFO] default - calling api ....on: http://localhost:8200/v1/secret/data/
[2019-11-27T09:50:36.320] [INFO] default - writing key file ..: sn1000_scrtest_key.txt
[2019-11-27T09:50:36.321] [DEBUG] default - fname= sn1000_scrtest_key.txt
[2019-11-27T09:50:36.321] [INFO] default - spawning: /usr/bin/ssh -i sn1000_scrtest_key.txt -p 22 scrtest@localhost
[2019-11-27T09:50:53.995] [INFO] default - socket closed...
[2019-11-27T09:50:54.264] [DEBUG] default - got ws request id = sn1000 sshPort = 22 user=scrtest
[2019-11-27T09:50:54.265] [INFO] default - calling api ....on: http://localhost:8200/v1/secret/data/
[2019-11-27T09:50:54.272] [INFO] default - writing key file ..: sn1000_scrtest_key.txt
[2019-11-27T09:50:54.283] [DEBUG] default - fname= sn1000_scrtest_key.txt
[2019-11-27T09:50:54.283] [INFO] default - spawning: /usr/bin/ssh -i sn1000_scrtest_key.txt -p 22 scrtest@localhost
[2019-11-27T09:51:10.020] [INFO] default - rssh server started...
[2019-11-27T09:52:00.190] [INFO] default - rssh server started...
[2019-11-27T09:52:06.937] [DEBUG] default - got ws request id = sn1000 sshPort = 22 user=scrtest
[2019-11-27T09:52:06.937] [INFO] default - calling api ....on: http://localhost:8200/v1/secret/data/
[2019-11-27T09:52:06.970] [INFO] default - writing key file ..: sn1000_scrtest_key.txt
[2019-11-27T09:52:06.971] [DEBUG] default - fname= sn1000_scrtest_key.txt
[2019-11-27T09:52:06.971] [INFO] default - spawning: /usr/bin/ssh -i sn1000_scrtest_key.txt -p 22 scrtest@localhost
[2019-11-27T09:52:24.010] [INFO] default - rssh server started...
[2019-11-27T09:52:27.476] [DEBUG] default - got ws request id = sn1000 sshPort = 22 user=scrtest
[2019-11-27T09:52:27.477] [INFO] default - calling api ....on: http://localhost:8200/v1/secret/data/
[2019-11-27T09:52:27.500] [INFO] default - writing key file ..: sn1000_scrtest_key.txt
[2019-11-27T09:52:27.500] [DEBUG] default - fname= sn1000_scrtest_key.txt
[2019-11-27T09:52:27.500] [INFO] default - spawning: /usr/bin/ssh -i sn1000_scrtest_key.txt -p 22 scrtest@localhost
[2019-11-27T11:39:41.062] [INFO] default - rssh server started...
[2019-11-27T11:39:47.007] [DEBUG] default - got ws request id = sn1000 sshPort = 22 user=scrtest
[2019-11-27T11:39:47.008] [INFO] default - calling api ....on: http://localhost:8200/v1/secret/data/
[2019-11-27T11:39:47.040] [INFO] default - writing key file ..: sn1000_scrtest_key.txt
[2019-11-27T11:39:47.041] [DEBUG] default - fname= sn1000_scrtest_key.txt
[2019-11-27T11:39:47.041] [INFO] default - spawning: /usr/bin/ssh -i sn1000_scrtest_key.txt -p 22 scrtest@localhost
[2019-11-27T13:50:28.878] [INFO] default - socket closed...
[2019-11-27T14:34:56.418] [INFO] default - rssh server started...
[2019-11-27T14:35:04.963] [DEBUG] default - got ws request id = sn1000 sshPort = 22 user=scrtest
[2019-11-27T14:35:04.963] [INFO] default - calling api ....on: http://localhost:8200/v1/secret/data/
[2019-11-27T14:35:04.996] [INFO] default - writing key file ..: sn1000_scrtest_key.txt
[2019-11-27T14:35:04.996] [DEBUG] default - fname= sn1000_scrtest_key.txt
[2019-11-27T14:35:04.996] [INFO] default - spawning: /usr/bin/ssh -i sn1000_scrtest_key.txt -p 22 scrtest@localhost
[2019-11-27T16:17:45.871] [INFO] default - socket closed...
[2019-11-30T19:07:03.898] [DEBUG] default - got ws request id = sn1000 sshPort = 22 user=scrtest
[2019-11-30T19:07:03.898] [INFO] default - calling api ....on: http://localhost:8200/v1/secret/data/
[2019-11-30T19:07:03.917] [INFO] default - writing key file ..: sn1000_scrtest_key.txt
[2019-11-30T19:07:03.917] [DEBUG] default - fname= sn1000_scrtest_key.txt
[2019-11-30T19:07:03.917] [INFO] default - spawning: /usr/bin/ssh -i sn1000_scrtest_key.txt -p 22 scrtest@localhost
[2019-11-30T19:07:54.850] [INFO] default - socket closed...
[2019-11-30T19:08:01.417] [DEBUG] default - got ws request id = sn1000 sshPort = 22 user=scrtest
[2019-11-30T19:08:01.418] [INFO] default - calling api ....on: http://localhost:8200/v1/secret/data/
[2019-11-30T19:08:01.423] [INFO] default - writing key file ..: sn1000_scrtest_key.txt
[2019-11-30T19:08:01.423] [DEBUG] default - fname= sn1000_scrtest_key.txt
[2019-11-30T19:08:01.423] [INFO] default - spawning: /usr/bin/ssh -i sn1000_scrtest_key.txt -p 22 scrtest@localhost
[2019-11-30T19:08:34.435] [INFO] default - rssh server started...
[2019-11-30T19:08:38.731] [DEBUG] default - got ws request id = sn1000 sshPort = 22 user=scrtest
[2019-11-30T19:08:38.731] [INFO] default - calling api ....on: http://localhost:8200/v1/secret/data/
[2019-11-30T19:08:38.757] [INFO] default - writing key file ..: sn1000_scrtest_key.txt
[2019-11-30T19:08:38.758] [DEBUG] default - fname= sn1000_scrtest_key.txt
[2019-11-30T19:08:38.758] [INFO] default - spawning: /usr/bin/ssh -i sn1000_scrtest_key.txt -p 22 scrtest@localhost
[2019-11-30T19:08:56.118] [INFO] default - socket closed...
[2019-11-30T19:09:48.312] [INFO] default - rssh server started...
[2019-11-30T19:10:04.163] [DEBUG] default - got ws request id = sn1000 sshPort = 22 user=scrtest
[2019-11-30T19:10:04.164] [INFO] default - calling api ....on: http://localhost:8200/v1/secret/data/
[2019-11-30T19:10:04.201] [INFO] default - writing key file ..: sn1000_scrtest_key.txt
[2019-11-30T19:10:04.202] [DEBUG] default - fname= sn1000_scrtest_key.txt
[2019-11-30T19:10:04.202] [INFO] default - spawning: /usr/bin/ssh -i sn1000_scrtest_key.txt -p 22 scrtest@localhost
[2019-11-30T19:10:24.030] [INFO] default - socket closed...
[2019-11-30T19:12:37.656] [INFO] default - rssh server started...
[2019-11-30T19:12:45.130] [DEBUG] default - got ws request id = sn1000 sshPort = 22 user=scrtest
[2019-11-30T19:12:45.131] [INFO] default - calling api ....on: http://localhost:8200/v1/secret/data/
[2019-11-30T19:12:45.158] [INFO] default - writing key file ..: sn1000_scrtest_key.txt
[2019-11-30T19:12:45.158] [DEBUG] default - fname= sn1000_scrtest_key.txt
[2019-11-30T19:12:45.159] [INFO] default - spawning: /usr/bin/ssh -i sn1000_scrtest_key.txt -p 22 scrtest@localhost
[2019-11-30T19:13:02.000] [INFO] default - socket closed...
[2019-11-30T19:13:48.153] [DEBUG] default - got ws request id = sn1000 sshPort = 22 user=scrtest
[2019-11-30T19:13:48.154] [INFO] default - calling api ....on: http://localhost:8200/v1/secret/data/
[2019-11-30T19:13:48.159] [INFO] default - writing key file ..: sn1000_scrtest_key.txt
[2019-11-30T19:13:48.160] [DEBUG] default - fname= sn1000_scrtest_key.txt
[2019-11-30T19:13:48.160] [INFO] default - spawning: /usr/bin/ssh -i sn1000_scrtest_key.txt -p 22 scrtest@localhost
[2019-11-30T19:14:00.228] [INFO] default - socket closed...
[2019-12-03T18:49:18.521] [DEBUG] default - got ws request id = sn1000 sshPort = 22 user=scrtest
[2019-12-03T18:49:18.522] [INFO] default - calling api ....on: http://localhost:8200/v1/secret/data/
[2019-12-03T18:49:18.566] [INFO] default - writing key file ..: sn1000_scrtest_key.txt
[2019-12-03T18:49:18.567] [DEBUG] default - fname= sn1000_scrtest_key.txt
[2019-12-03T18:49:18.568] [INFO] default - spawning: /usr/bin/ssh -i sn1000_scrtest_key.txt -p 22 scrtest@localhost
[2019-12-03T18:52:43.009] [INFO] default - socket closed...
[2019-12-03T18:52:43.398] [DEBUG] default - got ws request id = sn1000 sshPort = 22 user=scrtest
[2019-12-03T18:52:43.398] [INFO] default - calling api ....on: http://localhost:8200/v1/secret/data/
[2019-12-03T18:52:43.412] [INFO] default - writing key file ..: sn1000_scrtest_key.txt
[2019-12-03T18:52:43.412] [DEBUG] default - fname= sn1000_scrtest_key.txt
[2019-12-03T18:52:43.413] [INFO] default - spawning: /usr/bin/ssh -i sn1000_scrtest_key.txt -p 22 scrtest@localhost
[2019-12-03T18:54:00.801] [INFO] default - socket closed...
[2019-12-03T18:54:01.242] [DEBUG] default - got ws request id = sn1000 sshPort = 22 user=scrtest
[2019-12-03T18:54:01.242] [INFO] default - calling api ....on: http://localhost:8200/v1/secret/data/
[2019-12-03T18:54:01.248] [INFO] default - writing key file ..: sn1000_scrtest_key.txt
[2019-12-03T18:54:01.248] [DEBUG] default - fname= sn1000_scrtest_key.txt
[2019-12-03T18:54:01.249] [INFO] default - spawning: /usr/bin/ssh -i sn1000_scrtest_key.txt -p 22 scrtest@localhost
[2019-12-03T18:55:27.464] [INFO] default - socket closed...
[2019-12-03T18:55:27.892] [DEBUG] default - got ws request id = sn1000 sshPort = 22 user=scrtest
[2019-12-03T18:55:27.893] [INFO] default - calling api ....on: http://localhost:8200/v1/secret/data/
[2019-12-03T18:55:27.902] [INFO] default - writing key file ..: sn1000_scrtest_key.txt
[2019-12-03T18:55:27.902] [DEBUG] default - fname= sn1000_scrtest_key.txt
[2019-12-03T18:55:27.903] [INFO] default - spawning: /usr/bin/ssh -i sn1000_scrtest_key.txt -p 22 scrtest@localhost
[2019-12-03T18:55:37.931] [INFO] default - socket closed...
[2019-12-03T18:58:00.338] [DEBUG] default - got ws request id = sn1000 sshPort = 22 user=scrtest
[2019-12-03T18:58:00.339] [INFO] default - calling api ....on: http://localhost:8200/v1/secret/data/
[2019-12-03T18:58:00.346] [INFO] default - writing key file ..: sn1000_scrtest_key.txt
[2019-12-03T18:58:00.346] [DEBUG] default - fname= sn1000_scrtest_key.txt
[2019-12-03T18:58:00.347] [INFO] default - spawning: /usr/bin/ssh -i sn1000_scrtest_key.txt -p 22 scrtest@localhost
[2019-12-03T18:58:03.924] [DEBUG] default - got ws request id = sn1000 sshPort = 22 user=scrtest
[2019-12-03T18:58:03.925] [INFO] default - calling api ....on: http://localhost:8200/v1/secret/data/
[2019-12-03T18:58:03.936] [INFO] default - writing key file ..: sn1000_scrtest_key.txt
[2019-12-03T18:58:03.937] [DEBUG] default - fname= sn1000_scrtest_key.txt
[2019-12-03T18:58:03.937] [INFO] default - spawning: /usr/bin/ssh -i sn1000_scrtest_key.txt -p 22 scrtest@localhost
[2019-12-03T18:58:09.264] [INFO] default - socket closed...
[2019-12-03T19:00:18.796] [INFO] default - socket closed...
[2019-12-03T19:00:54.183] [DEBUG] default - got ws request id = sn1000 sshPort = 22 user=scrtest
[2019-12-03T19:00:54.184] [INFO] default - calling api ....on: http://localhost:8200/v1/secret/data/
[2019-12-03T19:00:54.190] [INFO] default - writing key file ..: sn1000_scrtest_key.txt
[2019-12-03T19:00:54.190] [DEBUG] default - fname= sn1000_scrtest_key.txt
[2019-12-03T19:00:54.190] [INFO] default - spawning: /usr/bin/ssh -i sn1000_scrtest_key.txt -p 22 scrtest@localhost
[2019-12-03T19:11:38.707] [INFO] default - socket closed...
[2019-12-03T20:22:35.272] [DEBUG] default - got ws request id = sn1000 sshPort = 22 user=scrtest
[2019-12-03T20:22:35.275] [INFO] default - calling api ....on: http://localhost:8200/v1/secret/data/
[2019-12-03T20:22:35.284] [INFO] default - writing key file ..: sn1000_scrtest_key.txt
[2019-12-03T20:22:35.285] [DEBUG] default - fname= sn1000_scrtest_key.txt
[2019-12-03T20:22:35.285] [INFO] default - spawning: /usr/bin/ssh -i sn1000_scrtest_key.txt -p 22 scrtest@localhost
[2019-12-03T20:25:09.909] [INFO] default - socket closed...
[2019-12-03T20:27:54.184] [DEBUG] default - got ws request id = sn1000 sshPort = 22 user=scrtest
[2019-12-03T20:27:54.184] [INFO] default - calling api ....on: http://localhost:8200/v1/secret/data/
[2019-12-03T20:27:54.196] [INFO] default - writing key file ..: sn1000_scrtest_key.txt
[2019-12-03T20:27:54.197] [DEBUG] default - fname= sn1000_scrtest_key.txt
[2019-12-03T20:27:54.197] [INFO] default - spawning: /usr/bin/ssh -i sn1000_scrtest_key.txt -p 22 scrtest@localhost
[2019-12-03T20:28:08.914] [INFO] default - socket closed...
[2019-12-03T20:28:09.388] [DEBUG] default - got ws request id = sn1000 sshPort = 22 user=scrtest
[2019-12-03T20:28:09.389] [INFO] default - calling api ....on: http://localhost:8200/v1/secret/data/
[2019-12-03T20:28:09.399] [INFO] default - writing key file ..: sn1000_scrtest_key.txt
[2019-12-03T20:28:09.399] [DEBUG] default - fname= sn1000_scrtest_key.txt
[2019-12-03T20:28:09.400] [INFO] default - spawning: /usr/bin/ssh -i sn1000_scrtest_key.txt -p 22 scrtest@localhost
[2019-12-03T20:28:36.544] [INFO] default - socket closed...
[2019-12-03T20:28:37.000] [DEBUG] default - got ws request id = sn1000 sshPort = 22 user=scrtest
[2019-12-03T20:28:37.001] [INFO] default - calling api ....on: http://localhost:8200/v1/secret/data/
[2019-12-03T20:28:37.006] [INFO] default - writing key file ..: sn1000_scrtest_key.txt
[2019-12-03T20:28:37.006] [DEBUG] default - fname= sn1000_scrtest_key.txt
[2019-12-03T20:28:37.006] [INFO] default - spawning: /usr/bin/ssh -i sn1000_scrtest_key.txt -p 22 scrtest@localhost
[2019-12-03T20:29:28.597] [INFO] default - socket closed...
[2019-12-03T20:30:37.393] [DEBUG] default - got ws request id = sn1000 sshPort = 22 user=scrtest
[2019-12-03T20:30:37.394] [INFO] default - calling api ....on: http://localhost:8200/v1/secret/data/
[2019-12-03T20:30:37.398] [INFO] default - writing key file ..: sn1000_scrtest_key.txt
[2019-12-03T20:30:37.398] [DEBUG] default - fname= sn1000_scrtest_key.txt
[2019-12-03T20:30:37.398] [INFO] default - spawning: /usr/bin/ssh -i sn1000_scrtest_key.txt -p 22 scrtest@localhost
[2019-12-03T20:30:59.254] [INFO] default - socket closed...
[2019-12-03T20:30:59.652] [DEBUG] default - got ws request id = sn1000 sshPort = 22 user=scrtest
[2019-12-03T20:30:59.653] [INFO] default - calling api ....on: http://localhost:8200/v1/secret/data/
[2019-12-03T20:30:59.656] [INFO] default - writing key file ..: sn1000_scrtest_key.txt
[2019-12-03T20:30:59.656] [DEBUG] default - fname= sn1000_scrtest_key.txt
[2019-12-03T20:30:59.656] [INFO] default - spawning: /usr/bin/ssh -i sn1000_scrtest_key.txt -p 22 scrtest@localhost
[2019-12-03T20:31:19.396] [INFO] default - socket closed...
[2019-12-03T20:31:19.804] [DEBUG] default - got ws request id = sn1000 sshPort = 22 user=scrtest
[2019-12-03T20:31:19.805] [INFO] default - calling api ....on: http://localhost:8200/v1/secret/data/
[2019-12-03T20:31:19.809] [INFO] default - writing key file ..: sn1000_scrtest_key.txt
[2019-12-03T20:31:19.809] [DEBUG] default - fname= sn1000_scrtest_key.txt
[2019-12-03T20:31:19.809] [INFO] default - spawning: /usr/bin/ssh -i sn1000_scrtest_key.txt -p 22 scrtest@localhost
[2019-12-03T20:31:42.863] [INFO] default - socket closed...
[2019-12-03T20:31:43.274] [DEBUG] default - got ws request id = sn1000 sshPort = 22 user=scrtest
[2019-12-03T20:31:43.275] [INFO] default - calling api ....on: http://localhost:8200/v1/secret/data/
[2019-12-03T20:31:43.281] [INFO] default - writing key file ..: sn1000_scrtest_key.txt
[2019-12-03T20:31:43.281] [DEBUG] default - fname= sn1000_scrtest_key.txt
[2019-12-03T20:31:43.281] [INFO] default - spawning: /usr/bin/ssh -i sn1000_scrtest_key.txt -p 22 scrtest@localhost
[2019-12-03T20:32:08.214] [INFO] default - socket closed...
[2019-12-03T20:32:08.647] [DEBUG] default - got ws request id = sn1000 sshPort = 22 user=scrtest
[2019-12-03T20:32:08.647] [INFO] default - calling api ....on: http://localhost:8200/v1/secret/data/
[2019-12-03T20:32:08.653] [INFO] default - writing key file ..: sn1000_scrtest_key.txt
[2019-12-03T20:32:08.653] [DEBUG] default - fname= sn1000_scrtest_key.txt
[2019-12-03T20:32:08.653] [INFO] default - spawning: /usr/bin/ssh -i sn1000_scrtest_key.txt -p 22 scrtest@localhost
[2019-12-03T20:32:24.493] [INFO] default - socket closed...
[2019-12-04T15:36:52.743] [DEBUG] default - got ws request id = sn1000 sshPort = 22 user=scrtest
[2019-12-04T15:36:52.744] [INFO] default - calling api ....on: http://localhost:8200/v1/secret/data/
[2019-12-04T15:36:52.750] [INFO] default - writing key file ..: sn1000_scrtest_key.txt
[2019-12-04T15:36:52.750] [DEBUG] default - fname= sn1000_scrtest_key.txt
[2019-12-04T15:36:52.750] [INFO] default - spawning: /usr/bin/ssh -i sn1000_scrtest_key.txt -p 22 scrtest@localhost
[2019-12-04T15:37:02.949] [INFO] default - socket closed...
[2019-12-04T15:37:07.719] [DEBUG] default - got ws request id = sn1000 sshPort = 22 user=scrtest
[2019-12-04T15:37:07.719] [INFO] default - calling api ....on: http://localhost:8200/v1/secret/data/
[2019-12-04T15:37:07.722] [INFO] default - writing key file ..: sn1000_scrtest_key.txt
[2019-12-04T15:37:07.723] [DEBUG] default - fname= sn1000_scrtest_key.txt
[2019-12-04T15:37:07.723] [INFO] default - spawning: /usr/bin/ssh -i sn1000_scrtest_key.txt -p 22 scrtest@localhost
[2019-12-04T15:38:08.403] [INFO] default - rssh server started...
[2019-12-04T15:38:11.516] [DEBUG] default - got ws request id = sn1000 sshPort = 22 user=scrtest
[2019-12-04T15:38:11.516] [INFO] default - calling api ....on: http://localhost:8200/v1/secret/data/
[2019-12-04T15:38:11.542] [INFO] default - writing key file ..: sn1000_scrtest_key.txt
[2019-12-04T15:38:11.542] [DEBUG] default - fname= sn1000_scrtest_key.txt
[2019-12-04T15:38:11.542] [INFO] default - spawning: /usr/bin/ssh -i sn1000_scrtest_key.txt -p 22 scrtest@localhost
[2019-12-04T15:39:03.591] [INFO] default - rssh server started...
[2019-12-04T15:39:06.605] [DEBUG] default - got ws request id = sn1000 sshPort = 22 user=scrtest
[2019-12-04T15:39:06.605] [INFO] default - calling api ....on: http://localhost:8200/v1/secret/data/
[2019-12-04T15:39:06.640] [INFO] default - writing key file ..: sn1000_scrtest_key.txt
[2019-12-04T15:39:06.641] [DEBUG] default - fname= sn1000_scrtest_key.txt
[2019-12-04T15:39:06.641] [INFO] default - spawning: /usr/bin/ssh -i sn1000_scrtest_key.txt -p 22 scrtest@localhost
[2019-12-04T15:39:58.704] [INFO] default - rssh server started...
[2019-12-04T15:40:01.544] [DEBUG] default - got ws request id = sn1000 sshPort = 22 user=scrtest
[2019-12-04T15:40:01.545] [INFO] default - calling api ....on: http://localhost:8200/v1/secret/data/
[2019-12-04T15:40:01.584] [INFO] default - writing key file ..: sn1000_scrtest_key.txt
[2019-12-04T15:40:01.585] [DEBUG] default - fname= sn1000_scrtest_key.txt
[2019-12-04T15:40:01.587] [INFO] default - spawning: /usr/bin/ssh -i sn1000_scrtest_key.txt -p 22 scrtest@localhost
[2019-12-04T15:40:10.632] [INFO] default - socket closed...
[2019-12-04T15:48:27.383] [INFO] default - rssh server started...
[2019-12-04T15:48:33.485] [DEBUG] default - got ws request id = sn1000 sshPort = 22 user=scrtest
[2019-12-04T15:48:33.485] [INFO] default - calling api ....on: http://localhost:8200/v1/secret/data/
[2019-12-04T15:48:33.526] [INFO] default - writing key file ..: sn1000_scrtest_key.txt
[2019-12-04T15:48:33.526] [DEBUG] default - fname= sn1000_scrtest_key.txt
[2019-12-04T15:48:33.527] [INFO] default - spawning: /usr/bin/ssh -i sn1000_scrtest_key.txt -p 22 scrtest@localhost
[2019-12-04T15:48:37.487] [INFO] default - session closed..
[2019-12-04T15:48:37.521] [INFO] default - socket closed...
[2019-12-04T15:48:50.097] [DEBUG] default - got ws request id = sn1000 sshPort = 22 user=scrtest
[2019-12-04T15:48:50.097] [INFO] default - calling api ....on: http://localhost:8200/v1/secret/data/
[2019-12-04T15:48:50.102] [INFO] default - writing key file ..: sn1000_scrtest_key.txt
[2019-12-04T15:48:50.102] [DEBUG] default - fname= sn1000_scrtest_key.txt
[2019-12-04T15:48:50.102] [INFO] default - spawning: /usr/bin/ssh -i sn1000_scrtest_key.txt -p 22 scrtest@localhost
[2019-12-04T15:48:53.066] [INFO] default - session closed..
[2019-12-04T15:48:53.069] [INFO] default - socket closed...
[2019-12-05T15:37:05.466] [INFO] default - rssh server started...
[2019-12-05T15:37:13.088] [DEBUG] default - got ws request id = sn1000 sshPort = 22 user=scrtest
[2019-12-05T15:37:13.088] [INFO] default - calling api ....on: http://localhost:8200/v1/secret/data/
[2019-12-05T15:37:13.130] [INFO] default - writing key file ..: sn1000_scrtest_key.txt
[2019-12-05T15:37:13.131] [DEBUG] default - fname= sn1000_scrtest_key.txt
[2019-12-05T15:37:13.132] [INFO] default - spawning: /usr/bin/ssh -i sn1000_scrtest_key.txt -p 22 scrtest@localhost
[2019-12-05T15:37:15.787] [INFO] default - session closed..
[2019-12-05T15:37:15.790] [INFO] default - socket closed...
[2019-12-05T15:37:17.986] [DEBUG] default - got ws request id = sn1000 sshPort = 22 user=scrtest
[2019-12-05T15:37:17.986] [INFO] default - calling api ....on: http://localhost:8200/v1/secret/data/
[2019-12-05T15:37:17.992] [INFO] default - writing key file ..: sn1000_scrtest_key.txt
[2019-12-05T15:37:17.992] [DEBUG] default - fname= sn1000_scrtest_key.txt
[2019-12-05T15:37:17.992] [INFO] default - spawning: /usr/bin/ssh -i sn1000_scrtest_key.txt -p 22 scrtest@localhost
[2019-12-05T15:37:21.042] [INFO] default - session closed..
[2019-12-05T15:37:21.046] [INFO] default - socket closed...
[2019-12-05T15:37:31.718] [DEBUG] default - got ws request id = sn1000 sshPort = 22 user=scrtest
[2019-12-05T15:37:31.719] [INFO] default - calling api ....on: http://localhost:8200/v1/secret/data/
[2019-12-05T15:37:31.733] [INFO] default - writing key file ..: sn1000_scrtest_key.txt
[2019-12-05T15:37:31.733] [DEBUG] default - fname= sn1000_scrtest_key.txt
[2019-12-05T15:37:31.733] [INFO] default - spawning: /usr/bin/ssh -i sn1000_scrtest_key.txt -p 22 scrtest@localhost
[2019-12-05T15:38:01.397] [INFO] default - session closed..
[2019-12-05T15:38:01.399] [INFO] default - socket closed...
[2019-12-05T15:38:04.914] [DEBUG] default - got ws request id = sn1000 sshPort = 22 user=scrtest
[2019-12-05T15:38:04.914] [INFO] default - calling api ....on: http://localhost:8200/v1/secret/data/
[2019-12-05T15:38:04.918] [INFO] default - writing key file ..: sn1000_scrtest_key.txt
[2019-12-05T15:38:04.919] [DEBUG] default - fname= sn1000_scrtest_key.txt
[2019-12-05T15:38:04.919] [INFO] default - spawning: /usr/bin/ssh -i sn1000_scrtest_key.txt -p 22 scrtest@localhost
[2019-12-05T15:38:07.564] [INFO] default - session closed..
[2019-12-05T15:38:07.567] [INFO] default - socket closed...
[2019-12-05T15:38:09.658] [DEBUG] default - got ws request id = sn1000 sshPort = 22 user=scrtest
[2019-12-05T15:38:09.658] [INFO] default - calling api ....on: http://localhost:8200/v1/secret/data/
[2019-12-05T15:38:09.666] [INFO] default - writing key file ..: sn1000_scrtest_key.txt
[2019-12-05T15:38:09.666] [DEBUG] default - fname= sn1000_scrtest_key.txt
[2019-12-05T15:38:09.666] [INFO] default - spawning: /usr/bin/ssh -i sn1000_scrtest_key.txt -p 22 scrtest@localhost
[2019-12-08T15:32:34.885] [INFO] default - rssh server started...
[2019-12-08T15:32:44.705] [DEBUG] default - got ws request id = sn1000 sshPort = 22 user=scrtest
[2019-12-08T15:32:44.706] [INFO] default - calling api ....on: http://localhost:8200/v1/secret/data/
[2019-12-08T15:32:44.758] [INFO] default - writing key file ..: sn1000_scrtest_key.txt
[2019-12-08T15:32:44.759] [DEBUG] default - fname= sn1000_scrtest_key.txt
[2019-12-08T15:32:44.761] [INFO] default - spawning: /usr/bin/ssh -i sn1000_scrtest_key.txt -p 22 scrtest@localhost
[2019-12-08T15:32:48.181] [INFO] default - session closed..
[2019-12-08T15:32:48.185] [INFO] default - socket closed...
[2019-12-08T15:32:50.582] [DEBUG] default - got ws request id = sn1000 sshPort = 22 user=scrtest
[2019-12-08T15:32:50.582] [INFO] default - calling api ....on: http://localhost:8200/v1/secret/data/
[2019-12-08T15:32:50.590] [INFO] default - writing key file ..: sn1000_scrtest_key.txt
[2019-12-08T15:32:50.596] [DEBUG] default - fname= sn1000_scrtest_key.txt
[2019-12-08T15:32:50.599] [INFO] default - spawning: /usr/bin/ssh -i sn1000_scrtest_key.txt -p 22 scrtest@localhost
[2019-12-08T15:32:54.921] [INFO] default - session closed..
[2019-12-08T15:32:54.922] [INFO] default - socket closed...
[2019-12-08T15:32:57.214] [DEBUG] default - got ws request id = sn1000 sshPort = 22 user=scrtest
[2019-12-08T15:32:57.215] [INFO] default - calling api ....on: http://localhost:8200/v1/secret/data/
[2019-12-08T15:32:57.224] [INFO] default - writing key file ..: sn1000_scrtest_key.txt
[2019-12-08T15:32:57.224] [DEBUG] default - fname= sn1000_scrtest_key.txt
[2019-12-08T15:32:57.224] [INFO] default - spawning: /usr/bin/ssh -i sn1000_scrtest_key.txt -p 22 scrtest@localhost
[2019-12-08T15:33:03.588] [INFO] default - socket closed...
[2019-12-08T15:33:03.590] [INFO] default - session closed..
[2019-12-09T10:40:13.708] [INFO] default - rssh server started...
[2019-12-09T10:40:22.374] [DEBUG] default - got ws request id = sn1000 sshPort = 22 user=scrtest
[2019-12-09T10:40:22.375] [INFO] default - calling api ....on: http://localhost:8200/v1/secret/data/
[2019-12-09T10:40:22.406] [INFO] default - writing key file ..: sn1000_scrtest_key.txt
[2019-12-09T10:40:22.407] [DEBUG] default - fname= sn1000_scrtest_key.txt
[2019-12-09T10:40:22.408] [INFO] default - spawning: /usr/bin/ssh -i sn1000_scrtest_key.txt -p 22 scrtest@localhost
[2019-12-09T10:40:28.942] [INFO] default - session closed..
[2019-12-09T10:40:28.946] [INFO] default - socket closed...
[2019-12-09T10:40:30.860] [DEBUG] default - got ws request id = sn1000 sshPort = 22 user=scrtest
[2019-12-09T10:40:30.860] [INFO] default - calling api ....on: http://localhost:8200/v1/secret/data/
[2019-12-09T10:40:30.865] [INFO] default - writing key file ..: sn1000_scrtest_key.txt
[2019-12-09T10:40:30.865] [DEBUG] default - fname= sn1000_scrtest_key.txt
[2019-12-09T10:40:30.865] [INFO] default - spawning: /usr/bin/ssh -i sn1000_scrtest_key.txt -p 22 scrtest@localhost
[2019-12-09T10:44:44.200] [INFO] default - session closed..
[2019-12-09T10:44:44.201] [INFO] default - socket closed...
[2020-03-31T19:49:49.660] [INFO] default - rssh server started...
